  SceneManager.cpp
C:\CS330Content_test\CS330Content\Projects\7-1_FinalProjectMilestones\Source\SceneManager.cpp(232,16): warning C4018: '<': signed/unsigned mismatch
C:\CS330Content_test\CS330Content\Projects\7-1_FinalProjectMilestones\Source\SceneManager.cpp(438,27): warning C4305: '=': truncation from 'double' to 'float'
C:\CS330Content_test\CS330Content\Projects\7-1_FinalProjectMilestones\Source\SceneManager.cpp(462,28): warning C4305: '=': truncation from 'double' to 'float'
C:\CS330Content_test\CS330Content\Projects\7-1_FinalProjectMilestones\Source\SceneManager.cpp(478,31): warning C4305: '=': truncation from 'double' to 'float'
C:\CS330Content_test\CS330Content\Projects\7-1_FinalProjectMilestones\Source\SceneManager.cpp(486,31): warning C4305: '=': truncation from 'double' to 'float'
C:\CS330Content_test\CS330Content\Projects\7-1_FinalProjectMilestones\Source\SceneManager.cpp(602,31): warning C4305: 'argument': truncation from 'double' to 'float'
C:\CS330Content_test\CS330Content\Projects\7-1_FinalProjectMilestones\Source\SceneManager.cpp(602,24): warning C4305: 'argument': truncation from 'double' to 'float'
C:\CS330Content_test\CS330Content\Projects\7-1_FinalProjectMilestones\Source\SceneManager.cpp(602,17): warning C4305: 'argument': truncation from 'double' to 'float'
C:\CS330Content_test\CS330Content\Projects\7-1_FinalProjectMilestones\Source\SceneManager.cpp(711,38): warning C4305: 'argument': truncation from 'double' to 'float'
C:\CS330Content_test\CS330Content\Projects\7-1_FinalProjectMilestones\Source\SceneManager.cpp(711,31): warning C4305: 'argument': truncation from 'double' to 'float'
C:\CS330Content_test\CS330Content\Projects\7-1_FinalProjectMilestones\Source\SceneManager.cpp(711,24): warning C4305: 'argument': truncation from 'double' to 'float'
C:\CS330Content_test\CS330Content\Projects\7-1_FinalProjectMilestones\Source\SceneManager.cpp(711,17): warning C4305: 'argument': truncation from 'double' to 'float'
C:\CS330Content_test\CS330Content\Projects\7-1_FinalProjectMilestones\Source\SceneManager.cpp(738,38): warning C4305: 'argument': truncation from 'double' to 'float'
C:\CS330Content_test\CS330Content\Projects\7-1_FinalProjectMilestones\Source\SceneManager.cpp(738,31): warning C4305: 'argument': truncation from 'double' to 'float'
C:\CS330Content_test\CS330Content\Projects\7-1_FinalProjectMilestones\Source\SceneManager.cpp(738,24): warning C4305: 'argument': truncation from 'double' to 'float'
C:\CS330Content_test\CS330Content\Projects\7-1_FinalProjectMilestones\Source\SceneManager.cpp(738,17): warning C4305: 'argument': truncation from 'double' to 'float'
C:\CS330Content_test\CS330Content\Projects\7-1_FinalProjectMilestones\Source\SceneManager.cpp(765,38): warning C4305: 'argument': truncation from 'double' to 'float'
C:\CS330Content_test\CS330Content\Projects\7-1_FinalProjectMilestones\Source\SceneManager.cpp(765,31): warning C4305: 'argument': truncation from 'double' to 'float'
C:\CS330Content_test\CS330Content\Projects\7-1_FinalProjectMilestones\Source\SceneManager.cpp(765,24): warning C4305: 'argument': truncation from 'double' to 'float'
C:\CS330Content_test\CS330Content\Projects\7-1_FinalProjectMilestones\Source\SceneManager.cpp(765,17): warning C4305: 'argument': truncation from 'double' to 'float'
C:\CS330Content_test\CS330Content\Projects\7-1_FinalProjectMilestones\Source\SceneManager.cpp(1017,38): warning C4305: 'argument': truncation from 'double' to 'float'
C:\CS330Content_test\CS330Content\Projects\7-1_FinalProjectMilestones\Source\SceneManager.cpp(1017,31): warning C4305: 'argument': truncation from 'double' to 'float'
C:\CS330Content_test\CS330Content\Projects\7-1_FinalProjectMilestones\Source\SceneManager.cpp(1017,24): warning C4305: 'argument': truncation from 'double' to 'float'
C:\CS330Content_test\CS330Content\Projects\7-1_FinalProjectMilestones\Source\SceneManager.cpp(1017,17): warning C4305: 'argument': truncation from 'double' to 'float'
C:\CS330Content_test\CS330Content\Projects\7-1_FinalProjectMilestones\Source\SceneManager.cpp(1045,38): warning C4305: 'argument': truncation from 'double' to 'float'
C:\CS330Content_test\CS330Content\Projects\7-1_FinalProjectMilestones\Source\SceneManager.cpp(1045,31): warning C4305: 'argument': truncation from 'double' to 'float'
C:\CS330Content_test\CS330Content\Projects\7-1_FinalProjectMilestones\Source\SceneManager.cpp(1045,24): warning C4305: 'argument': truncation from 'double' to 'float'
C:\CS330Content_test\CS330Content\Projects\7-1_FinalProjectMilestones\Source\SceneManager.cpp(1045,17): warning C4305: 'argument': truncation from 'double' to 'float'
C:\CS330Content_test\CS330Content\Projects\7-1_FinalProjectMilestones\Source\SceneManager.cpp(1073,38): warning C4305: 'argument': truncation from 'double' to 'float'
C:\CS330Content_test\CS330Content\Projects\7-1_FinalProjectMilestones\Source\SceneManager.cpp(1073,31): warning C4305: 'argument': truncation from 'double' to 'float'
C:\CS330Content_test\CS330Content\Projects\7-1_FinalProjectMilestones\Source\SceneManager.cpp(1073,24): warning C4305: 'argument': truncation from 'double' to 'float'
C:\CS330Content_test\CS330Content\Projects\7-1_FinalProjectMilestones\Source\SceneManager.cpp(1073,17): warning C4305: 'argument': truncation from 'double' to 'float'
C:\CS330Content_test\CS330Content\Projects\7-1_FinalProjectMilestones\Source\SceneManager.cpp(1295,38): warning C4305: 'argument': truncation from 'double' to 'float'
C:\CS330Content_test\CS330Content\Projects\7-1_FinalProjectMilestones\Source\SceneManager.cpp(1295,31): warning C4305: 'argument': truncation from 'double' to 'float'
C:\CS330Content_test\CS330Content\Projects\7-1_FinalProjectMilestones\Source\SceneManager.cpp(1295,24): warning C4305: 'argument': truncation from 'double' to 'float'
C:\CS330Content_test\CS330Content\Projects\7-1_FinalProjectMilestones\Source\SceneManager.cpp(1295,17): warning C4305: 'argument': truncation from 'double' to 'float'
C:\CS330Content_test\CS330Content\Projects\7-1_FinalProjectMilestones\Source\SceneManager.cpp(1323,38): warning C4305: 'argument': truncation from 'double' to 'float'
C:\CS330Content_test\CS330Content\Projects\7-1_FinalProjectMilestones\Source\SceneManager.cpp(1323,31): warning C4305: 'argument': truncation from 'double' to 'float'
C:\CS330Content_test\CS330Content\Projects\7-1_FinalProjectMilestones\Source\SceneManager.cpp(1323,24): warning C4305: 'argument': truncation from 'double' to 'float'
C:\CS330Content_test\CS330Content\Projects\7-1_FinalProjectMilestones\Source\SceneManager.cpp(1323,17): warning C4305: 'argument': truncation from 'double' to 'float'
C:\CS330Content_test\CS330Content\Projects\7-1_FinalProjectMilestones\Source\SceneManager.cpp(1351,38): warning C4305: 'argument': truncation from 'double' to 'float'
C:\CS330Content_test\CS330Content\Projects\7-1_FinalProjectMilestones\Source\SceneManager.cpp(1351,31): warning C4305: 'argument': truncation from 'double' to 'float'
C:\CS330Content_test\CS330Content\Projects\7-1_FinalProjectMilestones\Source\SceneManager.cpp(1351,24): warning C4305: 'argument': truncation from 'double' to 'float'
C:\CS330Content_test\CS330Content\Projects\7-1_FinalProjectMilestones\Source\SceneManager.cpp(1351,17): warning C4305: 'argument': truncation from 'double' to 'float'
C:\CS330Content_test\CS330Content\Projects\7-1_FinalProjectMilestones\Source\SceneManager.cpp(1604,38): warning C4305: 'argument': truncation from 'double' to 'float'
C:\CS330Content_test\CS330Content\Projects\7-1_FinalProjectMilestones\Source\SceneManager.cpp(1604,31): warning C4305: 'argument': truncation from 'double' to 'float'
C:\CS330Content_test\CS330Content\Projects\7-1_FinalProjectMilestones\Source\SceneManager.cpp(1604,24): warning C4305: 'argument': truncation from 'double' to 'float'
C:\CS330Content_test\CS330Content\Projects\7-1_FinalProjectMilestones\Source\SceneManager.cpp(1604,17): warning C4305: 'argument': truncation from 'double' to 'float'
C:\CS330Content_test\CS330Content\Projects\7-1_FinalProjectMilestones\Source\SceneManager.cpp(1632,38): warning C4305: 'argument': truncation from 'double' to 'float'
C:\CS330Content_test\CS330Content\Projects\7-1_FinalProjectMilestones\Source\SceneManager.cpp(1632,31): warning C4305: 'argument': truncation from 'double' to 'float'
C:\CS330Content_test\CS330Content\Projects\7-1_FinalProjectMilestones\Source\SceneManager.cpp(1632,24): warning C4305: 'argument': truncation from 'double' to 'float'
C:\CS330Content_test\CS330Content\Projects\7-1_FinalProjectMilestones\Source\SceneManager.cpp(1632,17): warning C4305: 'argument': truncation from 'double' to 'float'
C:\CS330Content_test\CS330Content\Projects\7-1_FinalProjectMilestones\Source\SceneManager.cpp(1690,38): warning C4305: 'argument': truncation from 'double' to 'float'
C:\CS330Content_test\CS330Content\Projects\7-1_FinalProjectMilestones\Source\SceneManager.cpp(1690,31): warning C4305: 'argument': truncation from 'double' to 'float'
C:\CS330Content_test\CS330Content\Projects\7-1_FinalProjectMilestones\Source\SceneManager.cpp(1690,24): warning C4305: 'argument': truncation from 'double' to 'float'
C:\CS330Content_test\CS330Content\Projects\7-1_FinalProjectMilestones\Source\SceneManager.cpp(1690,17): warning C4305: 'argument': truncation from 'double' to 'float'
C:\CS330Content_test\CS330Content\Projects\7-1_FinalProjectMilestones\Source\SceneManager.cpp(1850,38): warning C4305: 'argument': truncation from 'double' to 'float'
C:\CS330Content_test\CS330Content\Projects\7-1_FinalProjectMilestones\Source\SceneManager.cpp(1850,31): warning C4305: 'argument': truncation from 'double' to 'float'
C:\CS330Content_test\CS330Content\Projects\7-1_FinalProjectMilestones\Source\SceneManager.cpp(1850,24): warning C4305: 'argument': truncation from 'double' to 'float'
C:\CS330Content_test\CS330Content\Projects\7-1_FinalProjectMilestones\Source\SceneManager.cpp(1850,17): warning C4305: 'argument': truncation from 'double' to 'float'
C:\CS330Content_test\CS330Content\Projects\7-1_FinalProjectMilestones\Source\SceneManager.cpp(1878,38): warning C4305: 'argument': truncation from 'double' to 'float'
C:\CS330Content_test\CS330Content\Projects\7-1_FinalProjectMilestones\Source\SceneManager.cpp(1878,31): warning C4305: 'argument': truncation from 'double' to 'float'
C:\CS330Content_test\CS330Content\Projects\7-1_FinalProjectMilestones\Source\SceneManager.cpp(1878,24): warning C4305: 'argument': truncation from 'double' to 'float'
C:\CS330Content_test\CS330Content\Projects\7-1_FinalProjectMilestones\Source\SceneManager.cpp(1878,17): warning C4305: 'argument': truncation from 'double' to 'float'
C:\CS330Content_test\CS330Content\Projects\7-1_FinalProjectMilestones\Source\SceneManager.cpp(1906,38): warning C4305: 'argument': truncation from 'double' to 'float'
C:\CS330Content_test\CS330Content\Projects\7-1_FinalProjectMilestones\Source\SceneManager.cpp(1906,31): warning C4305: 'argument': truncation from 'double' to 'float'
C:\CS330Content_test\CS330Content\Projects\7-1_FinalProjectMilestones\Source\SceneManager.cpp(1906,24): warning C4305: 'argument': truncation from 'double' to 'float'
C:\CS330Content_test\CS330Content\Projects\7-1_FinalProjectMilestones\Source\SceneManager.cpp(1906,17): warning C4305: 'argument': truncation from 'double' to 'float'
C:\CS330Content_test\CS330Content\Projects\7-1_FinalProjectMilestones\Source\SceneManager.cpp(1934,38): warning C4305: 'argument': truncation from 'double' to 'float'
C:\CS330Content_test\CS330Content\Projects\7-1_FinalProjectMilestones\Source\SceneManager.cpp(1934,31): warning C4305: 'argument': truncation from 'double' to 'float'
C:\CS330Content_test\CS330Content\Projects\7-1_FinalProjectMilestones\Source\SceneManager.cpp(1934,24): warning C4305: 'argument': truncation from 'double' to 'float'
C:\CS330Content_test\CS330Content\Projects\7-1_FinalProjectMilestones\Source\SceneManager.cpp(1934,17): warning C4305: 'argument': truncation from 'double' to 'float'
  7-1_FinalProjectMilestones.vcxproj -> C:\CS330Content_test\CS330Content\Projects\7-1_FinalProjectMilestones\Debug\7-1_FinalProjectMilestones.exe
